<?xml version="1.0" encoding="UTF-8"?>
<!-- Generated by org.testng.reporters.JUnitReportReporter -->
<testsuite hostname="LAPTOP-KCK80MQ9" failures="0" tests="1" name="com.qaTNTestCase.ProductCheckOutTest" time="17.417" errors="0" timestamp="2024-01-06T22:52:28 EST" skipped="0">
  <testcase classname="com.qaTNTestCase.ProductCheckOutTest" name="checkoutProduct" time="17.417"/>
</testsuite> <!-- com.qaTNTestCase.ProductCheckOutTest -->
